<?xml version="1.0" encoding="UTF-8"?>
<!-- Generated by org.testng.reporters.JUnitReportReporter -->
<testsuite hostname="mahipal-VAIO" name="sampleMaven.Selenium_Maven_Program" tests="1" failures="0" timestamp="20 Feb 2016 16:45:25 GMT" time="13.375" errors="0">
  <testcase name="f" time="13.375" classname="sampleMaven.Selenium_Maven_Program"/>
</testsuite> <!-- sampleMaven.Selenium_Maven_Program -->
